d:\codeworks\simpus\simpus\simpus\x64\debug\vc145.pdb
d:\codeworks\simpus\simpus\simpus\x64\debug\vc145.idb
d:\codeworks\simpus\simpus\simpus\x64\debug\simulation.obj
d:\codeworks\simpus\simpus\simpus\x64\debug\presets.obj
d:\codeworks\simpus\simpus\simpus\x64\debug\trailsystem.obj
d:\codeworks\simpus\simpus\simpus\x64\debug\orbitpredictor.obj
d:\codeworks\simpus\simpus\simpus\x64\debug\hud.obj
d:\codeworks\simpus\simpus\simpus\x64\debug\glhelper.obj
d:\codeworks\simpus\simpus\simpus\x64\debug\gridrenderer.obj
d:\codeworks\simpus\simpus\simpus\x64\debug\camera.obj
d:\codeworks\simpus\simpus\simpus\x64\debug\bodyrenderer.obj
d:\codeworks\simpus\simpus\simpus\x64\debug\integrators.obj
d:\codeworks\simpus\simpus\simpus\x64\debug\gravity.obj
d:\codeworks\simpus\simpus\simpus\x64\debug\barneshut.obj
d:\codeworks\simpus\simpus\simpus\x64\debug\vec2.obj
d:\codeworks\simpus\simpus\simpus\x64\debug\main.obj
d:\codeworks\simpus\simpus\simpus\x64\debug\state.obj
d:\codeworks\simpus\simpus\simpus\x64\debug\body.obj
d:\codeworks\simpus\simpus\simpus\x64\debug\inputhandler.obj
d:\codeworks\simpus\simpus\simpus\x64\debug\bodyeditorpanel.obj
d:\codeworks\simpus\simpus\simpus\x64\debug\apploop.obj
d:\codeworks\simpus\simpus\simpus\x64\debug\addbodydialog.obj
d:\codeworks\simpus\simpus\simpus\x64\debug\stellarevolution.obj
d:\codeworks\simpus\simpus\x64\debug\simpus.exe
d:\codeworks\simpus\simpus\x64\debug\simpus.pdb
d:\codeworks\simpus\simpus\simpus\x64\debug\simpus.ilk
d:\codeworks\simpus\simpus\simpus\x64\debug\simpus.tlog\cl.command.1.tlog
d:\codeworks\simpus\simpus\simpus\x64\debug\simpus.tlog\cl.items.tlog
d:\codeworks\simpus\simpus\simpus\x64\debug\simpus.tlog\cl.read.1.tlog
d:\codeworks\simpus\simpus\simpus\x64\debug\simpus.tlog\cl.write.1.tlog
d:\codeworks\simpus\simpus\simpus\x64\debug\simpus.tlog\link.command.1.tlog
d:\codeworks\simpus\simpus\simpus\x64\debug\simpus.tlog\link.read.1.tlog
d:\codeworks\simpus\simpus\simpus\x64\debug\simpus.tlog\link.secondary.1.tlog
d:\codeworks\simpus\simpus\simpus\x64\debug\simpus.tlog\link.write.1.tlog
